

Microchip Technology PIC Macro Assembler V1.20 build 52243 
                                                                                                           Sun Apr 27 20:21:21 2025


     1                           
     2                           	; Microchip MPLAB XC8 C Compiler V1.20
     3                           	; Copyright (C) 1984-2013 HI-TECH Software
     4                           
     5                           	; Auto-generated runtime startup code for final link stage.
     6                           
     7                           	;
     8                           	; Compiler options:
     9                           	;
    10                           	; --output=mcof -G --chip=16LF1937 -ODebug.cof main.p1
    11                           	;
    12                           
    13                           
    14                           	processor	16LF1937
    15                           
    16                           	global	_main,start,reset_vec
    17                           	fnroot	_main
    18                           	psect	config,class=CONFIG,delta=2,noexec
    19                           	psect	idloc,class=IDLOC,delta=2,noexec
    20                           	psect	code,class=CODE,delta=2
    21                           	psect	powerup,class=CODE,delta=2
    22                           	psect	reset_vec,class=CODE,delta=2
    23                           	psect	maintext,class=CODE,delta=2
    24  0000                     	C	set	0
    25  0002                     	Z	set	2
    26  0002                     	PCL	set	2
    27  0000                     	INDF	set	0
    28                           
    29  0003                     	STATUS	equ	3
    30  0008                     	BSR	equ	8
    31  000A                     	PCLATH	equ	0Ah
    32                           	psect	eeprom_data,class=EEDATA,delta=2,space=3,noexec
    33                           	psect	strings,class=CODE,delta=2,reloc=256
    34                           	psect	intentry,class=CODE,delta=2
    35                           	psect	functab,class=CODE,delta=2
    36                           	global	intlevel0,intlevel1,intlevel2, intlevel3, intlevel4, intlevel5
    37  0000                     intlevel0:
    38  0000                     intlevel1:
    39  0000                     intlevel2:
    40  0000                     intlevel3:
    41  0000                     intlevel4:
    42  0000                     intlevel5:
    43                           	psect	init,class=CODE,delta=2
    44                           	psect	cinit,class=CODE,delta=2
    45                           	psect	text,class=CODE,delta=2
    46                           	psect	end_init,class=CODE,delta=2
    47                           	psect	clrtext,class=CODE,delta=2
    48  0000                     	INDF0	set	0
    49  0001                     	INDF1	set	1
    50  0002                     	PCL	set	2
    51  0003                     	STATUS	set	3
    52  0004                     	FSR0L	set	4
    53  0005                     	FSR0H	set	5
    54  0006                     	FSR1L	set	6
    55  0007                     	FSR1H	set	7
    56  0008                     	BSR	set	8
    57  0009                     	WREG	set	9
    58  000A                     	PCLATH	set	10
    59  000B                     	INTCON	set	11
    60                           
    61                           	psect	reset_vec
    62  0000                     reset_vec:
    63                           	; No powerup routine
    64                           	global start
    65                           
    66                           ; jump to start
    67  0000  3180  2859         	ljmp	start
    68                           
    69                           
    70                           	psect	init
    71  0059                     start
    72                           	psect	end_init
    73                           	global start_initialization
    74  0059  3180  28CC         	ljmp start_initialization	;jump to C runtime clear & initialization
    75                           
    76                           ; Config register CONFIG1 @ 0x8007
    77                           ;	Data Memory Code Protection
    78                           ;	CPD = OFF, Data memory code protection is disabled
    79                           ;	Brown-out Reset Enable
    80                           ;	BOREN = ON, Brown-out Reset enabled
    81                           ;	Internal/External Switchover
    82                           ;	IESO = ON, Internal/External Switchover mode is enabled
    83                           ;	Oscillator Selection
    84                           ;	FOSC = INTOSC, INTOSC oscillator: I/O function on CLKIN pin
    85                           ;	Fail-Safe Clock Monitor Enable
    86                           ;	FCMEN = ON, Fail-Safe Clock Monitor is enabled
    87                           ;	MCLR Pin Function Select
    88                           ;	MCLRE = ON, MCLR/VPP pin function is MCLR
    89                           ;	Watchdog Timer Enable
    90                           ;	WDTE = OFF, WDT disabled
    91                           ;	Flash Program Memory Code Protection
    92                           ;	CP = OFF, Program memory code protection is disabled
    93                           ;	Power-up Timer Enable
    94                           ;	PWRTE = OFF, PWRT disabled
    95                           ;	Clock Out Enable
    96                           ;	CLKOUTEN = OFF, CLKOUT function is disabled. I/O or oscillator function on the CLKOUT pin
    97                           
    98                           	psect	config
    99  8007                     		org 0x0
   100  8007  FFE4               		dw 0xFFE4
   101                           
   102                           ; Config register CONFIG2 @ 0x8008
   103                           ;	PLL Enable
   104                           ;	PLLEN = OFF, 4x PLL disabled
   105                           ;	Flash Memory Self-Write Protection
   106                           ;	WRT = OFF, Write protection off
   107                           ;	Stack Overflow/Underflow Reset Enable
   108                           ;	STVREN = ON, Stack Overflow or Underflow will cause a Reset
   109                           ;	Brown-out Reset Voltage Selection
   110                           ;	BORV = LO, Brown-out Reset Voltage (Vbor), low trip point selected.
   111                           ;	Low-Voltage Programming Enable
   112                           ;	LVP = OFF, High-voltage on MCLR/VPP must be used for programming
   113                           
   114                           	psect	config
   115  8008                     		org 0x1
   116  8008  DEFF               		dw 0xDEFF


Microchip Technology PIC Macro Assembler V1.20 build 52243 
Symbol Table                                                                                               Sun Apr 27 20:21:21 2025

               _main 005B                 start 0059  start_initialization 00CC             intlevel0 0000  
           intlevel1 0000             intlevel2 0000             intlevel3 0000             intlevel4 0000  
           intlevel5 0000             reset_vec 0000  
